<?xml version="1.0" encoding="utf-8"?><testsuites name="pytest tests"><testsuite name="pytest" errors="0" failures="0" skipped="0" tests="101" time="133.573" timestamp="2025-10-31T02:36:45.978863+00:00" hostname="runnervmwhb2z"><testcase classname="test.test_circuits" name="test_unitary_simulation" time="4.547" /><testcase classname="test.test_circuits" name="test_hamiltonian_simulation" time="4.237" /><testcase classname="test.test_codes.TestBosonicQubit" name="test_bosonic_qubit_initialization" time="0.001" /><testcase classname="test.test_codes.TestBosonicQubit" name="test_bosonic_qubit_name_property" time="0.335" /><testcase classname="test.test_codes.TestBosonicQubit" name="test_bosonic_qubit_params_validation" time="0.006" /><testcase classname="test.test_codes.TestBosonicQubit" name="test_bosonic_qubit_common_gates" time="0.006" /><testcase classname="test.test_codes.TestBosonicQubit" name="test_bosonic_qubit_basis_states" time="0.006" /><testcase classname="test.test_codes.TestBosonicQubit" name="test_bosonic_qubit_pauli_gates" time="0.041" /><testcase classname="test.test_codes.TestBosonicQubit" name="test_bosonic_qubit_projector" time="0.104" /><testcase classname="test.test_codes.TestBosonicQubit" name="test_bosonic_qubit_maximally_mixed_state" time="0.105" /><testcase classname="test.test_codes.TestBosonicQubit" name="test_bosonic_qubit_jqt2qt" time="0.006" /><testcase classname="test.test_codes.TestBosonicQubit" name="test_bosonic_qubit_hamiltonian_properties" time="0.006" /><testcase classname="test.test_codes.TestBosonicQubit" name="test_bosonic_qubit_gen_pauli_u_gate_path" time="0.032" /><testcase classname="test.test_codes.TestBosonicQubit" name="test_bosonic_qubit_hadamard_gate" time="0.059" /><testcase classname="test.test_codes.TestBosonicQubit" name="test_bosonic_qubit_prepare_state_plot" time="0.006" /><testcase classname="test.test_codes.TestBosonicQubit" name="test_bosonic_qubit_plot_single" time="1.708" /><testcase classname="test.test_codes.TestBosonicQubit" name="test_bosonic_qubit_plot_code_states" time="3.338" /><testcase classname="test.test_codes.TestBosonicQubit" name="test_bosonic_qubit_plot_code_states_qfunc" time="0.006" /><testcase classname="test.test_codes.TestBosonicQubit" name="test_bosonic_qubit_plot_methods" time="0.670" /><testcase classname="test.test_codes.TestBosonicQubit" name="test_bosonic_qubit_error_handling" time="0.071" /><testcase classname="test.test_codes.TestBosonicQubit" name="test_bosonic_qubit_gen_pauli_u_hamiltonian_path" time="0.369" /><testcase classname="test.test_codes.TestBosonicQubit" name="test_bosonic_qubit_plot_with_custom_axes" time="0.320" /><testcase classname="test.test_codes.TestBosonicQubit" name="test_bosonic_qubit_plot_single_with_custom_axes" time="0.354" /><testcase classname="test.test_codes.TestBosonicQubit" name="test_bosonic_qubit_plot_code_states_with_custom_axes" time="3.451" /><testcase classname="test.test_codes.TestBosonicQubit" name="test_bosonic_qubit_error_handling_edge_cases" time="0.007" /><testcase classname="test.test_codes.TestBosonicQubit" name="test_bosonic_qubit_initialization_assertion_coverage" time="0.006" /><testcase classname="test.test_codes.TestQubit" name="test_qubit_initialization" time="0.005" /><testcase classname="test.test_codes.TestQubit" name="test_qubit_basis_states" time="0.084" /><testcase classname="test.test_codes.TestQubit" name="test_qubit_pauli_gates" time="0.007" /><testcase classname="test.test_codes.TestQubit" name="test_qubit_orthogonality" time="0.042" /><testcase classname="test.test_codes.TestQubit" name="test_qubit_plot_method" time="0.294" /><testcase classname="test.test_codes.TestBosonicMode" name="test_bosonic_mode_initialization" time="0.658" /><testcase classname="test.test_codes.TestBosonicMode" name="test_bosonic_mode_basis_states" time="0.236" /><testcase classname="test.test_codes.TestCatQubit" name="test_cat_qubit_initialization" time="1.522" /><testcase classname="test.test_codes.TestCatQubit" name="test_cat_qubit_custom_params" time="0.218" /><testcase classname="test.test_codes.TestCatQubit" name="test_cat_qubit_basis_states" time="0.064" /><testcase classname="test.test_codes.TestCatQubit" name="test_cat_qubit_non_device_params" time="0.027" /><testcase classname="test.test_codes.TestBinomialQubit" name="test_binomial_qubit_initialization" time="1.573" /><testcase classname="test.test_codes.TestBinomialQubit" name="test_binomial_qubit_custom_params" time="1.212" /><testcase classname="test.test_codes.TestBinomialQubit" name="test_binomial_qubit_basis_states" time="0.765" /><testcase classname="test.test_codes.TestBinomialQubit" name="test_binomial_qubit_parameter_combinations" time="1.254" /><testcase classname="test.test_codes.TestGKPQubit" name="test_gkp_qubit_initialization" time="0.611" /><testcase classname="test.test_codes.TestGKPQubit" name="test_gkp_qubit_custom_params" time="1.051" /><testcase classname="test.test_codes.TestGKPQubit" name="test_gkp_qubit_common_gates" time="0.867" /><testcase classname="test.test_codes.TestGKPQubit" name="test_gkp_qubit_basis_states" time="0.333" /><testcase classname="test.test_codes.TestGKPQubit" name="test_gkp_qubit_parameter_validation" time="0.089" /><testcase classname="test.test_codes.TestHexagonalGKPQubit" name="test_hexagonal_gkp_qubit_initialization" time="0.121" /><testcase classname="test.test_codes.TestHexagonalGKPQubit" name="test_hexagonal_gkp_qubit_basis_states" time="0.039" /><testcase classname="test.test_codes.TestSquareGKPQubit" name="test_square_gkp_qubit_initialization" time="0.042" /><testcase classname="test.test_codes.TestSquareGKPQubit" name="test_square_gkp_qubit_basis_states" time="0.036" /><testcase classname="test.test_codes.TestRectangularGKPQubit" name="test_rectangular_gkp_qubit_initialization" time="0.043" /><testcase classname="test.test_codes.TestRectangularGKPQubit" name="test_rectangular_gkp_qubit_custom_params" time="0.036" /><testcase classname="test.test_codes.TestRectangularGKPQubit" name="test_rectangular_gkp_qubit_basis_states" time="0.038" /><testcase classname="test.test_codes.TestCodesIntegration" name="test_all_code_types_initialization" time="0.244" /><testcase classname="test.test_codes.TestCodesIntegration" name="test_code_state_orthogonality" time="0.339" /><testcase classname="test.test_codes.TestCodesIntegration" name="test_code_gate_consistency" time="0.098" /><testcase classname="test.test_codes.TestCodesIntegration" name="test_code_parameter_validation" time="0.114" /><testcase classname="test.test_core_misc" name="test_conversions" time="2.110" /><testcase classname="test.test_core_misc" name="test_overlap" time="1.352" /><testcase classname="test.test_core_misc" name="test_device" time="0.001" /><testcase classname="test.test_core_misc" name="test_comb" time="0.203" /><testcase classname="test.test_core_misc" name="test_iso_transforms" time="0.978" /><testcase classname="test.test_core_misc" name="test_misc_operators" time="2.042" /><testcase classname="test.test_core_solvers" name="test_sesolve" time="3.002" /><testcase classname="test.test_core_solvers" name="test_sesolve_batch" time="2.881" /><testcase classname="test.test_core_solvers" name="test_sesolve_edge_cases" time="1.047" /><testcase classname="test.test_core_solvers" name="test_mesolve_batch" time="5.705" /><testcase classname="test.test_core_solvers" name="test_mesolve" time="2.695" /><testcase classname="test.test_core_solvers" name="test_mesolve_edge_cases" time="2.253" /><testcase classname="test.test_measurement" name="test_reconstruct_density_matrix" time="1.396" /><testcase classname="test.test_measurement" name="test_parametrize_density_matrix" time="0.328" /><testcase classname="test.test_measurement" name="test_L1_reg" time="0.049" /><testcase classname="test.test_measurement" name="test_overlap" time="0.043" /><testcase classname="test.test_measurement" name="test_fidelity" time="0.389" /><testcase classname="test.test_measurement" name="test_quantum_state_tomography_direct" time="0.426" /><testcase classname="test.test_measurement" name="test_quantum_state_tomography_mle" time="0.882" /><testcase classname="test.test_measurement" name="test_tensor_basis" time="0.719" /><testcase classname="test.test_qarray" name="test_version" time="0.001" /><testcase classname="test.test_qarray" name="test_qarray_creation" time="2.251" /><testcase classname="test.test_qarray" name="test_qarray_properties" time="1.337" /><testcase classname="test.test_qarray" name="test_qarray_basic_math_add" time="2.417" /><testcase classname="test.test_qarray" name="test_qarray_basic_math_sub" time="0.495" /><testcase classname="test.test_qarray" name="test_qarray_basic_math_mul" time="0.436" /><testcase classname="test.test_qarray" name="test_qarray_basic_math_matmul" time="0.018" /><testcase classname="test.test_qarray" name="test_qarray_basic_math_tensor" time="2.532" /><testcase classname="test.test_qarray" name="test_qarray_basic_math_pow" time="0.037" /><testcase classname="test.test_qarray" name="test_eigh" time="0.686" /><testcase classname="test.test_qarray" name="test_norm_unit" time="3.104" /><testcase classname="test.test_qarray" name="test_dims" time="0.005" /><testcase classname="test.test_qarray" name="test_qtype" time="0.051" /><testcase classname="test.test_qp_distributions" name="test_wigner_coherent_state" time="1.612" /><testcase classname="test.test_qp_distributions" name="test_husimi_coherent_state" time="0.569" /><testcase classname="test.test_qp_distributions" name="test_wigner_density_matrix" time="0.274" /><testcase classname="test.test_qp_distributions" name="test_wigner_mixed_state" time="0.276" /><testcase classname="test.test_qp_distributions" name="test_wigner_fock_state_zero" time="0.579" /><testcase classname="test.test_qp_distributions" name="test_husimi_fock_state_zero" time="0.278" /><testcase classname="test.test_qp_distributions" name="test_wigner_coherent_state_value" time="1.055" /><testcase classname="test.test_qp_distributions" name="test_husimi_coherent_state_value" time="0.201" /><testcase classname="test.test_visualization" name="test_plot_wigner" time="16.818" /><testcase classname="test.test_visualization" name="test_plot_husimi" time="9.630" /><testcase classname="test.test_visualization" name="test_plot_cf_wigner" time="20.944" /></testsuite></testsuites>